2009-09-25 16:05:33 Warning: Warning (2): require_once(MPEG/ABS/Object.php) [<a href='http://php.net/function.require-once'>function.require-once</a>]: failed to open stream: No such file or directory in [APP/vendors/php-reader/src/MPEG/ABS.php, line 39]
2009-09-25 16:10:31 Warning: Warning (2): Invalid argument supplied for foreach() in [APP/views/pages/index.ctp, line 17]
2009-11-29 00:58:54 Warning: Warning (2): dirname() expects parameter 1 to be string, array given in [CORE/cake/libs/file.php, line 96]
2009-11-29 00:58:54 Warning: Warning (2): is_dir() expects parameter 1 to be string, array given in [CORE/cake/libs/file.php, line 97]
2009-11-29 00:58:54 Warning: Warning (2): basename() expects parameter 1 to be string, array given in [CORE/cake/libs/file.php, line 98]
2009-11-29 01:07:24 Warning: Warning (512): <span style = "color:Red;text-align:left"><b>SQL Error:</b> SQLSTATE[HY000]: General error: 1 no such table: test_suite_peers</span> in [CORE/cake/libs/model/datasources/dbo_source.php, line 525]
2009-11-29 01:10:46 Warning: Warning (512): <span style = "color:Red;text-align:left"><b>SQL Error:</b> SQLSTATE[HY000]: General error: 1 no such table: test_suite_peers</span> in [CORE/cake/libs/model/datasources/dbo_source.php, line 525]
2009-11-29 02:35:05 Warning: Warning (2): dirname() expects parameter 1 to be string, array given in [CORE/cake/libs/file.php, line 96]
2009-11-29 02:35:05 Warning: Warning (2): is_dir() expects parameter 1 to be string, array given in [CORE/cake/libs/file.php, line 97]
2009-11-29 02:35:05 Warning: Warning (2): basename() expects parameter 1 to be string, array given in [CORE/cake/libs/file.php, line 98]
2009-11-29 02:35:20 Warning: Warning (2): dirname() expects parameter 1 to be string, array given in [CORE/cake/libs/file.php, line 96]
2009-11-29 02:35:20 Warning: Warning (2): is_dir() expects parameter 1 to be string, array given in [CORE/cake/libs/file.php, line 97]
2009-11-29 02:35:20 Warning: Warning (2): basename() expects parameter 1 to be string, array given in [CORE/cake/libs/file.php, line 98]
2009-11-29 03:02:09 Warning: Warning (512): <span style = "color:Red;text-align:left"><b>SQL Error:</b> SQLSTATE[HY000]: General error: 1 no such table: test_suite_peers</span> in [CORE/cake/libs/model/datasources/dbo_source.php, line 525]
2009-11-29 03:02:09 Warning: Warning (512): <span style = "color:Red;text-align:left"><b>SQL Error:</b> SQLSTATE[HY000]: General error: 1 no such table: test_suite_tags</span> in [CORE/cake/libs/model/datasources/dbo_source.php, line 525]
2009-11-30 16:16:47 Warning: Warning (512): <span style = "color:Red;text-align:left"><b>SQL Error:</b> SQLSTATE[HY000]: General error: 1 no such function: RAND</span> in [CORE/cake/libs/model/datasources/dbo_source.php, line 525]
2009-11-30 17:01:13 Warning: Warning (512): <span style = "color:Red;text-align:left"><b>SQL Error:</b> SQLSTATE[HY000]: General error: 1 no such column: Tag.name</span> in [CORE/cake/libs/model/datasources/dbo_source.php, line 525]
2009-11-30 17:02:24 Warning: Warning (512): <span style = "color:Red;text-align:left"><b>SQL Error:</b> SQLSTATE[HY000]: General error: 1 no such column: Tag.name</span> in [CORE/cake/libs/model/datasources/dbo_source.php, line 525]
2009-11-30 17:02:32 Warning: Warning (512): <span style = "color:Red;text-align:left"><b>SQL Error:</b> SQLSTATE[HY000]: General error: 1 no such column: Tag.name</span> in [CORE/cake/libs/model/datasources/dbo_source.php, line 525]
2009-11-30 17:02:54 Warning: Warning (512): <span style = "color:Red;text-align:left"><b>SQL Error:</b> SQLSTATE[HY000]: General error: 1 no such column: Tag.name</span> in [CORE/cake/libs/model/datasources/dbo_source.php, line 525]
2009-11-30 17:05:37 Warning: Warning (512): <span style = "color:Red;text-align:left"><b>SQL Error:</b> SQLSTATE[HY000]: General error: 1 no such column: Tag.name</span> in [CORE/cake/libs/model/datasources/dbo_source.php, line 525]
2009-11-30 17:05:53 Warning: Warning (512): <span style = "color:Red;text-align:left"><b>SQL Error:</b> SQLSTATE[HY000]: General error: 1 no such column: Tag.name</span> in [CORE/cake/libs/model/datasources/dbo_source.php, line 525]
2009-11-30 17:14:00 Warning: Warning (512): <span style = "color:Red;text-align:left"><b>SQL Error:</b> SQLSTATE[HY000]: General error: 1 no such column: Tag.name</span> in [CORE/cake/libs/model/datasources/dbo_source.php, line 525]
2009-11-30 17:14:13 Warning: Warning (512): <span style = "color:Red;text-align:left"><b>SQL Error:</b> SQLSTATE[HY000]: General error: 1 no such column: Tag.name</span> in [CORE/cake/libs/model/datasources/dbo_source.php, line 525]
2009-11-30 17:18:26 Warning: Warning (512): <span style = "color:Red;text-align:left"><b>SQL Error:</b> SQLSTATE[HY000]: General error: 1 no such column: Tag.name</span> in [CORE/cake/libs/model/datasources/dbo_source.php, line 525]
2009-11-30 17:19:03 Warning: Warning (512): <span style = "color:Red;text-align:left"><b>SQL Error:</b> SQLSTATE[HY000]: General error: 1 no such column: Tag.name</span> in [CORE/cake/libs/model/datasources/dbo_source.php, line 525]
2009-11-30 17:19:37 Warning: Warning (512): <span style = "color:Red;text-align:left"><b>SQL Error:</b> SQLSTATE[HY000]: General error: 1 no such column: Tag.name</span> in [CORE/cake/libs/model/datasources/dbo_source.php, line 525]
2009-11-30 17:20:28 Warning: Warning (512): <span style = "color:Red;text-align:left"><b>SQL Error:</b> SQLSTATE[HY000]: General error: 1 no such column: Tag.name</span> in [CORE/cake/libs/model/datasources/dbo_source.php, line 525]
2009-11-30 17:20:35 Warning: Warning (512): <span style = "color:Red;text-align:left"><b>SQL Error:</b> SQLSTATE[HY000]: General error: 1 no such column: Tag.name</span> in [CORE/cake/libs/model/datasources/dbo_source.php, line 525]
2009-11-30 17:23:42 Warning: Warning (512): <span style = "color:Red;text-align:left"><b>SQL Error:</b> SQLSTATE[HY000]: General error: 1 no such column: Tag.name</span> in [CORE/cake/libs/model/datasources/dbo_source.php, line 525]
2009-11-30 17:24:31 Warning: Warning (512): <span style = "color:Red;text-align:left"><b>SQL Error:</b> SQLSTATE[HY000]: General error: 1 no such column: Tag.name</span> in [CORE/cake/libs/model/datasources/dbo_source.php, line 525]
2009-11-30 17:24:36 Warning: Warning (512): <span style = "color:Red;text-align:left"><b>SQL Error:</b> SQLSTATE[HY000]: General error: 1 no such column: Tag.name</span> in [CORE/cake/libs/model/datasources/dbo_source.php, line 525]
2009-11-30 17:25:51 Warning: Warning (512): <span style = "color:Red;text-align:left"><b>SQL Error:</b> SQLSTATE[HY000]: General error: 1 no such table: Tag</span> in [CORE/cake/libs/model/datasources/dbo_source.php, line 525]
2009-11-30 17:25:51 Warning: Warning (512): <span style = "color:Red;text-align:left"><b>SQL Error:</b> SQLSTATE[HY000]: General error: 1 no such column: Tag.name</span> in [CORE/cake/libs/model/datasources/dbo_source.php, line 525]
2009-11-30 17:31:35 Warning: Warning (512): <span style = "color:Red;text-align:left"><b>SQL Error:</b> SQLSTATE[HY000]: General error: 1 no such column: Tag.name</span> in [CORE/cake/libs/model/datasources/dbo_source.php, line 525]
2009-11-30 17:31:47 Warning: Warning (512): <span style = "color:Red;text-align:left"><b>SQL Error:</b> SQLSTATE[HY000]: General error: 1 no such column: Tag.name</span> in [CORE/cake/libs/model/datasources/dbo_source.php, line 525]
2009-11-30 17:31:53 Warning: Warning (512): <span style = "color:Red;text-align:left"><b>SQL Error:</b> SQLSTATE[HY000]: General error: 1 no such column: Tag.name</span> in [CORE/cake/libs/model/datasources/dbo_source.php, line 525]
2009-11-30 17:31:58 Warning: Warning (512): <span style = "color:Red;text-align:left"><b>SQL Error:</b> SQLSTATE[HY000]: General error: 1 no such column: Tag.name</span> in [CORE/cake/libs/model/datasources/dbo_source.php, line 525]
2009-11-30 17:32:14 Warning: Warning (512): <span style = "color:Red;text-align:left"><b>SQL Error:</b> SQLSTATE[HY000]: General error: 1 ambiguous column name: score</span> in [CORE/cake/libs/model/datasources/dbo_source.php, line 525]
2009-11-30 17:32:14 Warning: Warning (512): <span style = "color:Red;text-align:left"><b>SQL Error:</b> SQLSTATE[HY000]: General error: 1 no such column: Tag.name</span> in [CORE/cake/libs/model/datasources/dbo_source.php, line 525]
2009-11-30 17:32:27 Warning: Warning (512): <span style = "color:Red;text-align:left"><b>SQL Error:</b> SQLSTATE[HY000]: General error: 1 no such column: Tag.name</span> in [CORE/cake/libs/model/datasources/dbo_source.php, line 525]
2009-11-30 17:34:12 Warning: Warning (512): <span style = "color:Red;text-align:left"><b>SQL Error:</b> SQLSTATE[HY000]: General error: 1 no such column: Tag.name</span> in [CORE/cake/libs/model/datasources/dbo_source.php, line 525]
2009-11-30 17:34:30 Warning: Warning (512): <span style = "color:Red;text-align:left"><b>SQL Error:</b> SQLSTATE[HY000]: General error: 1 no such column: Tag.name</span> in [CORE/cake/libs/model/datasources/dbo_source.php, line 525]
2009-11-30 17:34:43 Warning: Warning (512): <span style = "color:Red;text-align:left"><b>SQL Error:</b> SQLSTATE[HY000]: General error: 1 no such column: Tag.name</span> in [CORE/cake/libs/model/datasources/dbo_source.php, line 525]
2009-11-30 17:34:48 Warning: Warning (512): <span style = "color:Red;text-align:left"><b>SQL Error:</b> SQLSTATE[HY000]: General error: 1 no such column: Tag.name</span> in [CORE/cake/libs/model/datasources/dbo_source.php, line 525]
2009-11-30 17:34:49 Warning: Warning (512): <span style = "color:Red;text-align:left"><b>SQL Error:</b> SQLSTATE[HY000]: General error: 1 no such column: Tag.name</span> in [CORE/cake/libs/model/datasources/dbo_source.php, line 525]
2009-11-30 17:35:15 Warning: Warning (512): <span style = "color:Red;text-align:left"><b>SQL Error:</b> SQLSTATE[HY000]: General error: 1 no such column: Tag.name</span> in [CORE/cake/libs/model/datasources/dbo_source.php, line 525]
2009-11-30 17:35:24 Warning: Warning (512): <span style = "color:Red;text-align:left"><b>SQL Error:</b> SQLSTATE[HY000]: General error: 1 no such column: Tag.name</span> in [CORE/cake/libs/model/datasources/dbo_source.php, line 525]
2009-11-30 17:43:09 Warning: Warning (512): <span style = "color:Red;text-align:left"><b>SQL Error:</b> SQLSTATE[HY000]: General error: 1 no such column: Tag.name</span> in [CORE/cake/libs/model/datasources/dbo_source.php, line 525]
2009-11-30 17:44:27 Warning: Warning (512): <span style = "color:Red;text-align:left"><b>SQL Error:</b> SQLSTATE[HY000]: General error: 1 no such function: rand</span> in [CORE/cake/libs/model/datasources/dbo_source.php, line 525]
2009-11-30 17:44:27 Warning: Warning (512): <span style = "color:Red;text-align:left"><b>SQL Error:</b> SQLSTATE[HY000]: General error: 1 no such column: Tag.name</span> in [CORE/cake/libs/model/datasources/dbo_source.php, line 525]
2009-11-30 17:48:26 Warning: Warning (512): <span style = "color:Red;text-align:left"><b>SQL Error:</b> SQLSTATE[HY000]: General error: 1 no such column: Tag.name</span> in [CORE/cake/libs/model/datasources/dbo_source.php, line 525]
2009-11-30 17:48:37 Warning: Warning (512): <span style = "color:Red;text-align:left"><b>SQL Error:</b> SQLSTATE[HY000]: General error: 1 no such column: Tag.name</span> in [CORE/cake/libs/model/datasources/dbo_source.php, line 525]
2009-11-30 17:49:03 Warning: Warning (512): <span style = "color:Red;text-align:left"><b>SQL Error:</b> SQLSTATE[HY000]: General error: 1 no such column: Tag.name</span> in [CORE/cake/libs/model/datasources/dbo_source.php, line 525]
2009-11-30 17:49:33 Warning: Warning (2): preg_match() expects parameter 2 to be string, array given in [CORE/cake/libs/model/datasources/dbo_source.php, line 1684]
2009-11-30 17:49:33 Warning: Warning (2): preg_match() expects parameter 2 to be string, array given in [CORE/cake/libs/model/datasources/dbo_source.php, line 1686]
2009-11-30 17:49:33 Warning: Warning (2): strpos() expects parameter 1 to be string, array given in [CORE/cake/libs/model/datasources/dbo_source.php, line 1689]
2009-11-30 17:49:33 Warning: Warning (2): trim() expects parameter 1 to be string, array given in [CORE/cake/libs/model/datasources/dbo_source.php, line 1691]
2009-11-30 17:49:33 Warning: Warning (512): <span style = "color:Red;text-align:left"><b>SQL Error:</b> SQLSTATE[HY000]: General error: 1 near "DISTINCT": syntax error</span> in [CORE/cake/libs/model/datasources/dbo_source.php, line 525]
2009-11-30 17:49:33 Warning: Warning (512): <span style = "color:Red;text-align:left"><b>SQL Error:</b> SQLSTATE[HY000]: General error: 1 no such column: Tag.name</span> in [CORE/cake/libs/model/datasources/dbo_source.php, line 525]
2009-11-30 17:49:41 Warning: Warning (512): <span style = "color:Red;text-align:left"><b>SQL Error:</b> SQLSTATE[HY000]: General error: 1 no such column: Tag.name</span> in [CORE/cake/libs/model/datasources/dbo_source.php, line 525]
2009-11-30 17:49:59 Warning: Warning (512): <span style = "color:Red;text-align:left"><b>SQL Error:</b> SQLSTATE[HY000]: General error: 1 near ".": syntax error</span> in [CORE/cake/libs/model/datasources/dbo_source.php, line 525]
2009-11-30 17:49:59 Warning: Warning (512): <span style = "color:Red;text-align:left"><b>SQL Error:</b> SQLSTATE[HY000]: General error: 1 no such column: Tag.name</span> in [CORE/cake/libs/model/datasources/dbo_source.php, line 525]
2009-11-30 17:50:17 Warning: Warning (512): <span style = "color:Red;text-align:left"><b>SQL Error:</b> SQLSTATE[HY000]: General error: 1 near ".": syntax error</span> in [CORE/cake/libs/model/datasources/dbo_source.php, line 525]
2009-11-30 17:50:17 Warning: Warning (512): <span style = "color:Red;text-align:left"><b>SQL Error:</b> SQLSTATE[HY000]: General error: 1 no such column: Tag.name</span> in [CORE/cake/libs/model/datasources/dbo_source.php, line 525]
2009-11-30 17:50:34 Warning: Warning (512): <span style = "color:Red;text-align:left"><b>SQL Error:</b> SQLSTATE[HY000]: General error: 1 near ".": syntax error</span> in [CORE/cake/libs/model/datasources/dbo_source.php, line 525]
2009-11-30 17:50:34 Warning: Warning (512): <span style = "color:Red;text-align:left"><b>SQL Error:</b> SQLSTATE[HY000]: General error: 1 no such column: Tag.name</span> in [CORE/cake/libs/model/datasources/dbo_source.php, line 525]
2009-11-30 17:51:47 Warning: Warning (512): <span style = "color:Red;text-align:left"><b>SQL Error:</b> SQLSTATE[HY000]: General error: 1 near ".": syntax error</span> in [CORE/cake/libs/model/datasources/dbo_source.php, line 525]
2009-11-30 17:51:47 Warning: Warning (512): <span style = "color:Red;text-align:left"><b>SQL Error:</b> SQLSTATE[HY000]: General error: 1 no such column: Tag.name</span> in [CORE/cake/libs/model/datasources/dbo_source.php, line 525]
2009-11-30 17:52:57 Warning: Warning (512): <span style = "color:Red;text-align:left"><b>SQL Error:</b> SQLSTATE[HY000]: General error: 1 no such column: Tag.name</span> in [CORE/cake/libs/model/datasources/dbo_source.php, line 525]
2009-11-30 17:53:28 Warning: Warning (512): <span style = "color:Red;text-align:left"><b>SQL Error:</b> SQLSTATE[HY000]: General error: 1 no such column: Tag.name</span> in [CORE/cake/libs/model/datasources/dbo_source.php, line 525]
2009-11-30 17:53:29 Warning: Warning (512): <span style = "color:Red;text-align:left"><b>SQL Error:</b> SQLSTATE[HY000]: General error: 1 no such column: Tag.name</span> in [CORE/cake/libs/model/datasources/dbo_source.php, line 525]
2009-11-30 17:53:41 Warning: Warning (512): <span style = "color:Red;text-align:left"><b>SQL Error:</b> SQLSTATE[HY000]: General error: 1 no such column: Tag.name</span> in [CORE/cake/libs/model/datasources/dbo_source.php, line 525]
2009-11-30 17:53:42 Warning: Warning (512): <span style = "color:Red;text-align:left"><b>SQL Error:</b> SQLSTATE[HY000]: General error: 1 no such column: Tag.name</span> in [CORE/cake/libs/model/datasources/dbo_source.php, line 525]
2009-11-30 17:53:43 Warning: Warning (512): <span style = "color:Red;text-align:left"><b>SQL Error:</b> SQLSTATE[HY000]: General error: 1 no such column: Tag.name</span> in [CORE/cake/libs/model/datasources/dbo_source.php, line 525]
2009-11-30 17:53:44 Warning: Warning (512): <span style = "color:Red;text-align:left"><b>SQL Error:</b> SQLSTATE[HY000]: General error: 1 no such column: Tag.name</span> in [CORE/cake/libs/model/datasources/dbo_source.php, line 525]
2009-11-30 17:54:03 Warning: Warning (512): <span style = "color:Red;text-align:left"><b>SQL Error:</b> SQLSTATE[HY000]: General error: 1 no such column: Tag.name</span> in [CORE/cake/libs/model/datasources/dbo_source.php, line 525]
2009-11-30 17:54:09 Warning: Warning (512): <span style = "color:Red;text-align:left"><b>SQL Error:</b> SQLSTATE[HY000]: General error: 1 no such column: Tag.name</span> in [CORE/cake/libs/model/datasources/dbo_source.php, line 525]
2009-11-30 17:54:10 Warning: Warning (512): <span style = "color:Red;text-align:left"><b>SQL Error:</b> SQLSTATE[HY000]: General error: 1 no such column: Tag.name</span> in [CORE/cake/libs/model/datasources/dbo_source.php, line 525]
2009-11-30 17:54:10 Warning: Warning (512): <span style = "color:Red;text-align:left"><b>SQL Error:</b> SQLSTATE[HY000]: General error: 1 no such column: Tag.name</span> in [CORE/cake/libs/model/datasources/dbo_source.php, line 525]
2009-11-30 17:54:11 Warning: Warning (512): <span style = "color:Red;text-align:left"><b>SQL Error:</b> SQLSTATE[HY000]: General error: 1 no such column: Tag.name</span> in [CORE/cake/libs/model/datasources/dbo_source.php, line 525]
2009-11-30 17:54:12 Warning: Warning (512): <span style = "color:Red;text-align:left"><b>SQL Error:</b> SQLSTATE[HY000]: General error: 1 no such column: Tag.name</span> in [CORE/cake/libs/model/datasources/dbo_source.php, line 525]
2009-11-30 17:54:13 Warning: Warning (512): <span style = "color:Red;text-align:left"><b>SQL Error:</b> SQLSTATE[HY000]: General error: 1 no such column: Tag.name</span> in [CORE/cake/libs/model/datasources/dbo_source.php, line 525]
2009-11-30 17:54:14 Warning: Warning (512): <span style = "color:Red;text-align:left"><b>SQL Error:</b> SQLSTATE[HY000]: General error: 1 no such column: Tag.name</span> in [CORE/cake/libs/model/datasources/dbo_source.php, line 525]
2009-11-30 17:54:15 Warning: Warning (512): <span style = "color:Red;text-align:left"><b>SQL Error:</b> SQLSTATE[HY000]: General error: 1 no such column: Tag.name</span> in [CORE/cake/libs/model/datasources/dbo_source.php, line 525]
2009-11-30 17:54:15 Warning: Warning (512): <span style = "color:Red;text-align:left"><b>SQL Error:</b> SQLSTATE[HY000]: General error: 1 no such column: Tag.name</span> in [CORE/cake/libs/model/datasources/dbo_source.php, line 525]
2009-11-30 17:54:16 Warning: Warning (512): <span style = "color:Red;text-align:left"><b>SQL Error:</b> SQLSTATE[HY000]: General error: 1 no such column: Tag.name</span> in [CORE/cake/libs/model/datasources/dbo_source.php, line 525]
2009-11-30 17:54:17 Warning: Warning (512): <span style = "color:Red;text-align:left"><b>SQL Error:</b> SQLSTATE[HY000]: General error: 1 no such column: Tag.name</span> in [CORE/cake/libs/model/datasources/dbo_source.php, line 525]
2009-11-30 17:54:17 Warning: Warning (512): <span style = "color:Red;text-align:left"><b>SQL Error:</b> SQLSTATE[HY000]: General error: 1 no such column: Tag.name</span> in [CORE/cake/libs/model/datasources/dbo_source.php, line 525]
2009-11-30 17:54:18 Warning: Warning (512): <span style = "color:Red;text-align:left"><b>SQL Error:</b> SQLSTATE[HY000]: General error: 1 no such column: Tag.name</span> in [CORE/cake/libs/model/datasources/dbo_source.php, line 525]
2009-11-30 17:54:18 Warning: Warning (512): <span style = "color:Red;text-align:left"><b>SQL Error:</b> SQLSTATE[HY000]: General error: 1 no such column: Tag.name</span> in [CORE/cake/libs/model/datasources/dbo_source.php, line 525]
2009-11-30 17:54:28 Warning: Warning (512): <span style = "color:Red;text-align:left"><b>SQL Error:</b> SQLSTATE[HY000]: General error: 1 no such column: Tag.Weight</span> in [CORE/cake/libs/model/datasources/dbo_source.php, line 525]
2009-11-30 17:54:28 Warning: Warning (512): <span style = "color:Red;text-align:left"><b>SQL Error:</b> SQLSTATE[HY000]: General error: 1 no such column: Tag.name</span> in [CORE/cake/libs/model/datasources/dbo_source.php, line 525]
2009-11-30 17:54:34 Warning: Warning (512): <span style = "color:Red;text-align:left"><b>SQL Error:</b> SQLSTATE[HY000]: General error: 1 no such column: Tag.name</span> in [CORE/cake/libs/model/datasources/dbo_source.php, line 525]
2009-11-30 17:54:42 Warning: Warning (512): <span style = "color:Red;text-align:left"><b>SQL Error:</b> SQLSTATE[HY000]: General error: 1 no such column: Tag.name</span> in [CORE/cake/libs/model/datasources/dbo_source.php, line 525]
2009-11-30 17:54:43 Warning: Warning (512): <span style = "color:Red;text-align:left"><b>SQL Error:</b> SQLSTATE[HY000]: General error: 1 no such column: Tag.name</span> in [CORE/cake/libs/model/datasources/dbo_source.php, line 525]
2009-11-30 17:54:44 Warning: Warning (512): <span style = "color:Red;text-align:left"><b>SQL Error:</b> SQLSTATE[HY000]: General error: 1 no such column: Tag.name</span> in [CORE/cake/libs/model/datasources/dbo_source.php, line 525]
2009-11-30 17:54:44 Warning: Warning (512): <span style = "color:Red;text-align:left"><b>SQL Error:</b> SQLSTATE[HY000]: General error: 1 no such column: Tag.name</span> in [CORE/cake/libs/model/datasources/dbo_source.php, line 525]
2009-11-30 17:54:45 Warning: Warning (512): <span style = "color:Red;text-align:left"><b>SQL Error:</b> SQLSTATE[HY000]: General error: 1 no such column: Tag.name</span> in [CORE/cake/libs/model/datasources/dbo_source.php, line 525]
2009-11-30 17:54:46 Warning: Warning (512): <span style = "color:Red;text-align:left"><b>SQL Error:</b> SQLSTATE[HY000]: General error: 1 no such column: Tag.name</span> in [CORE/cake/libs/model/datasources/dbo_source.php, line 525]
2009-11-30 17:54:47 Warning: Warning (512): <span style = "color:Red;text-align:left"><b>SQL Error:</b> SQLSTATE[HY000]: General error: 1 no such column: Tag.name</span> in [CORE/cake/libs/model/datasources/dbo_source.php, line 525]
2009-11-30 17:54:48 Warning: Warning (512): <span style = "color:Red;text-align:left"><b>SQL Error:</b> SQLSTATE[HY000]: General error: 1 no such column: Tag.name</span> in [CORE/cake/libs/model/datasources/dbo_source.php, line 525]
2009-11-30 17:54:49 Warning: Warning (512): <span style = "color:Red;text-align:left"><b>SQL Error:</b> SQLSTATE[HY000]: General error: 1 no such column: Tag.name</span> in [CORE/cake/libs/model/datasources/dbo_source.php, line 525]
2009-11-30 17:54:52 Warning: Warning (512): <span style = "color:Red;text-align:left"><b>SQL Error:</b> SQLSTATE[HY000]: General error: 1 no such column: Tag.name</span> in [CORE/cake/libs/model/datasources/dbo_source.php, line 525]
2009-11-30 17:54:54 Warning: Warning (512): <span style = "color:Red;text-align:left"><b>SQL Error:</b> SQLSTATE[HY000]: General error: 1 no such column: Tag.name</span> in [CORE/cake/libs/model/datasources/dbo_source.php, line 525]
2009-11-30 18:19:04 Warning: Warning (512): <span style = "color:Red;text-align:left"><b>SQL Error:</b> SQLSTATE[HY000]: General error: 1 no such column: Tag.name</span> in [CORE/cake/libs/model/datasources/dbo_source.php, line 525]
2009-11-30 18:19:06 Warning: Warning (512): <span style = "color:Red;text-align:left"><b>SQL Error:</b> SQLSTATE[HY000]: General error: 1 no such column: Tag.name</span> in [CORE/cake/libs/model/datasources/dbo_source.php, line 525]
2009-11-30 18:19:07 Warning: Warning (512): <span style = "color:Red;text-align:left"><b>SQL Error:</b> SQLSTATE[HY000]: General error: 1 no such column: Tag.name</span> in [CORE/cake/libs/model/datasources/dbo_source.php, line 525]
2009-11-30 18:19:08 Warning: Warning (512): <span style = "color:Red;text-align:left"><b>SQL Error:</b> SQLSTATE[HY000]: General error: 1 no such column: Tag.name</span> in [CORE/cake/libs/model/datasources/dbo_source.php, line 525]
2009-11-30 18:19:09 Warning: Warning (512): <span style = "color:Red;text-align:left"><b>SQL Error:</b> SQLSTATE[HY000]: General error: 1 no such column: Tag.name</span> in [CORE/cake/libs/model/datasources/dbo_source.php, line 525]
2009-11-30 18:19:10 Warning: Warning (512): <span style = "color:Red;text-align:left"><b>SQL Error:</b> SQLSTATE[HY000]: General error: 1 no such column: Tag.name</span> in [CORE/cake/libs/model/datasources/dbo_source.php, line 525]
2009-11-30 18:19:10 Warning: Warning (512): <span style = "color:Red;text-align:left"><b>SQL Error:</b> SQLSTATE[HY000]: General error: 1 no such column: Tag.name</span> in [CORE/cake/libs/model/datasources/dbo_source.php, line 525]
2009-11-30 18:19:11 Warning: Warning (512): <span style = "color:Red;text-align:left"><b>SQL Error:</b> SQLSTATE[HY000]: General error: 1 no such column: Tag.name</span> in [CORE/cake/libs/model/datasources/dbo_source.php, line 525]
2009-11-30 18:19:12 Warning: Warning (512): <span style = "color:Red;text-align:left"><b>SQL Error:</b> SQLSTATE[HY000]: General error: 1 no such column: Tag.name</span> in [CORE/cake/libs/model/datasources/dbo_source.php, line 525]
2009-11-30 18:19:12 Warning: Warning (512): <span style = "color:Red;text-align:left"><b>SQL Error:</b> SQLSTATE[HY000]: General error: 1 no such column: Tag.name</span> in [CORE/cake/libs/model/datasources/dbo_source.php, line 525]
2009-11-30 18:19:13 Warning: Warning (512): <span style = "color:Red;text-align:left"><b>SQL Error:</b> SQLSTATE[HY000]: General error: 1 no such column: Tag.name</span> in [CORE/cake/libs/model/datasources/dbo_source.php, line 525]
2009-11-30 18:19:13 Warning: Warning (512): <span style = "color:Red;text-align:left"><b>SQL Error:</b> SQLSTATE[HY000]: General error: 1 no such column: Tag.name</span> in [CORE/cake/libs/model/datasources/dbo_source.php, line 525]
2009-11-30 18:19:14 Warning: Warning (512): <span style = "color:Red;text-align:left"><b>SQL Error:</b> SQLSTATE[HY000]: General error: 1 no such column: Tag.name</span> in [CORE/cake/libs/model/datasources/dbo_source.php, line 525]
2009-11-30 18:19:15 Warning: Warning (512): <span style = "color:Red;text-align:left"><b>SQL Error:</b> SQLSTATE[HY000]: General error: 1 no such column: Tag.name</span> in [CORE/cake/libs/model/datasources/dbo_source.php, line 525]
2009-11-30 18:19:15 Warning: Warning (512): <span style = "color:Red;text-align:left"><b>SQL Error:</b> SQLSTATE[HY000]: General error: 1 no such column: Tag.name</span> in [CORE/cake/libs/model/datasources/dbo_source.php, line 525]
2009-11-30 18:19:30 Warning: Warning (512): <span style = "color:Red;text-align:left"><b>SQL Error:</b> SQLSTATE[HY000]: General error: 1 no such column: Tag.name</span> in [CORE/cake/libs/model/datasources/dbo_source.php, line 525]
2009-11-30 18:19:31 Warning: Warning (512): <span style = "color:Red;text-align:left"><b>SQL Error:</b> SQLSTATE[HY000]: General error: 1 no such column: Tag.name</span> in [CORE/cake/libs/model/datasources/dbo_source.php, line 525]
2009-11-30 18:19:32 Warning: Warning (512): <span style = "color:Red;text-align:left"><b>SQL Error:</b> SQLSTATE[HY000]: General error: 1 no such column: Tag.name</span> in [CORE/cake/libs/model/datasources/dbo_source.php, line 525]
2009-11-30 18:19:33 Warning: Warning (512): <span style = "color:Red;text-align:left"><b>SQL Error:</b> SQLSTATE[HY000]: General error: 1 no such column: Tag.name</span> in [CORE/cake/libs/model/datasources/dbo_source.php, line 525]
2009-11-30 18:19:33 Warning: Warning (512): <span style = "color:Red;text-align:left"><b>SQL Error:</b> SQLSTATE[HY000]: General error: 1 no such column: Tag.name</span> in [CORE/cake/libs/model/datasources/dbo_source.php, line 525]
2009-11-30 18:19:34 Warning: Warning (512): <span style = "color:Red;text-align:left"><b>SQL Error:</b> SQLSTATE[HY000]: General error: 1 no such column: Tag.name</span> in [CORE/cake/libs/model/datasources/dbo_source.php, line 525]
2009-11-30 18:19:35 Warning: Warning (512): <span style = "color:Red;text-align:left"><b>SQL Error:</b> SQLSTATE[HY000]: General error: 1 no such column: Tag.name</span> in [CORE/cake/libs/model/datasources/dbo_source.php, line 525]
2009-11-30 18:19:35 Warning: Warning (512): <span style = "color:Red;text-align:left"><b>SQL Error:</b> SQLSTATE[HY000]: General error: 1 no such column: Tag.name</span> in [CORE/cake/libs/model/datasources/dbo_source.php, line 525]
2009-11-30 18:19:36 Warning: Warning (512): <span style = "color:Red;text-align:left"><b>SQL Error:</b> SQLSTATE[HY000]: General error: 1 no such column: Tag.name</span> in [CORE/cake/libs/model/datasources/dbo_source.php, line 525]
2009-11-30 18:19:37 Warning: Warning (512): <span style = "color:Red;text-align:left"><b>SQL Error:</b> SQLSTATE[HY000]: General error: 1 no such column: Tag.name</span> in [CORE/cake/libs/model/datasources/dbo_source.php, line 525]
2009-11-30 18:19:37 Warning: Warning (512): <span style = "color:Red;text-align:left"><b>SQL Error:</b> SQLSTATE[HY000]: General error: 1 no such column: Tag.name</span> in [CORE/cake/libs/model/datasources/dbo_source.php, line 525]
2009-11-30 18:19:38 Warning: Warning (512): <span style = "color:Red;text-align:left"><b>SQL Error:</b> SQLSTATE[HY000]: General error: 1 no such column: Tag.name</span> in [CORE/cake/libs/model/datasources/dbo_source.php, line 525]
2009-11-30 18:19:38 Warning: Warning (512): <span style = "color:Red;text-align:left"><b>SQL Error:</b> SQLSTATE[HY000]: General error: 1 no such column: Tag.name</span> in [CORE/cake/libs/model/datasources/dbo_source.php, line 525]
2009-11-30 18:19:39 Warning: Warning (512): <span style = "color:Red;text-align:left"><b>SQL Error:</b> SQLSTATE[HY000]: General error: 1 no such column: Tag.name</span> in [CORE/cake/libs/model/datasources/dbo_source.php, line 525]
2009-11-30 18:19:40 Warning: Warning (512): <span style = "color:Red;text-align:left"><b>SQL Error:</b> SQLSTATE[HY000]: General error: 1 no such column: Tag.name</span> in [CORE/cake/libs/model/datasources/dbo_source.php, line 525]
2009-11-30 18:19:40 Warning: Warning (512): <span style = "color:Red;text-align:left"><b>SQL Error:</b> SQLSTATE[HY000]: General error: 1 no such column: Tag.name</span> in [CORE/cake/libs/model/datasources/dbo_source.php, line 525]
2009-11-30 18:19:41 Warning: Warning (512): <span style = "color:Red;text-align:left"><b>SQL Error:</b> SQLSTATE[HY000]: General error: 1 no such column: Tag.name</span> in [CORE/cake/libs/model/datasources/dbo_source.php, line 525]
2009-11-30 18:19:41 Warning: Warning (512): <span style = "color:Red;text-align:left"><b>SQL Error:</b> SQLSTATE[HY000]: General error: 1 no such column: Tag.name</span> in [CORE/cake/libs/model/datasources/dbo_source.php, line 525]
2009-11-30 18:19:42 Warning: Warning (512): <span style = "color:Red;text-align:left"><b>SQL Error:</b> SQLSTATE[HY000]: General error: 1 no such column: Tag.name</span> in [CORE/cake/libs/model/datasources/dbo_source.php, line 525]
2009-11-30 18:19:42 Warning: Warning (512): <span style = "color:Red;text-align:left"><b>SQL Error:</b> SQLSTATE[HY000]: General error: 1 no such column: Tag.name</span> in [CORE/cake/libs/model/datasources/dbo_source.php, line 525]
2009-11-30 20:12:38 Warning: Warning (512): <span style = "color:Red;text-align:left"><b>SQL Error:</b> SQLSTATE[HY000]: General error: 1 no such column: Tag.name</span> in [CORE/cake/libs/model/datasources/dbo_source.php, line 525]
2009-11-30 20:15:37 Warning: Warning (512): <span style = "color:Red;text-align:left"><b>SQL Error:</b> SQLSTATE[HY000]: General error: 1 no such column: Tag.name</span> in [CORE/cake/libs/model/datasources/dbo_source.php, line 525]
2009-11-30 20:15:44 Warning: Warning (512): <span style = "color:Red;text-align:left"><b>SQL Error:</b> SQLSTATE[HY000]: General error: 1 no such column: Tag.name</span> in [CORE/cake/libs/model/datasources/dbo_source.php, line 525]
2009-11-30 20:18:03 Warning: Warning (512): <span style = "color:Red;text-align:left"><b>SQL Error:</b> SQLSTATE[HY000]: General error: 1 no such column: Tag.name</span> in [CORE/cake/libs/model/datasources/dbo_source.php, line 525]
2009-11-30 20:27:19 Warning: Warning (512): <span style = "color:Red;text-align:left"><b>SQL Error:</b> SQLSTATE[HY000]: General error: 1 misuse of aggregate: SUM()</span> in [CORE/cake/libs/model/datasources/dbo_source.php, line 525]
